# train_geometry_residual
$ 'C:\Users\31745\Desktop\新建文件夹 (6)\ROGII\.venv\Scripts\python.exe' scripts/train_residual_model.py --spec geometry --max-rows-per-well 0 --max-iter 500 --learning-rate 0.05 --max-leaf-nodes 31 --min-samples-leaf 50 --l2-regularization 0.05 --min-fit-fraction 0.95

[geometry] loading targets from residual_targets.csv
loading baseline_features_train.csv
loading geometry_features_train.csv
  fold 1/5: training
  fold 1/5: done
  fold 2/5: training
  fold 2/5: done
  fold 3/5: training
  fold 3/5: done
  fold 4/5: training
  fold 4/5: done
  fold 5/5: training
  fold 5/5: done
loading baseline_features_test.csv
loading geometry_features_test.csv
Wrote C:\Users\31745\Desktop\新建文件夹 (6)\ROGII\outputs\residual_geometry_oof.csv
Wrote C:\Users\31745\Desktop\新建文件夹 (6)\ROGII\outputs\residual_geometry_cv_by_well.csv
Wrote C:\Users\31745\Desktop\新建文件夹 (6)\ROGII\outputs\residual_geometry_test_predictions.csv
Wrote C:\Users\31745\Desktop\新建文件夹 (6)\ROGII\submissions\geometry_residual_submission.csv
Wrote C:\Users\31745\Desktop\新建文件夹 (6)\ROGII\reports\residual_geometry_cv_report.md
Wrote C:\Users\31745\Desktop\新建文件夹 (6)\ROGII\reports\residual_geometry_hgb_feature_importance.csv
Wrote C:\Users\31745\Desktop\新建文件夹 (6)\ROGII\models\residual_geometry_hgb.pkl
Wrote C:\Users\31745\Desktop\新建文件夹 (6)\ROGII\models\residual_geometry_hgb_config.json
Wrote C:\Users\31745\Desktop\新建文件夹 (6)\ROGII\models\residual_geometry_hgb_feature_list.txt
