# part2_cv_reports
$ 'C:\Users\31745\Desktop\新建文件夹 (6)\ROGII\.venv\Scripts\python.exe' scripts/evaluate_model_cv.py

Traceback (most recent call last):
  File "C:\Users\31745\Desktop\新建文件夹 (6)\ROGII\scripts\evaluate_model_cv.py", line 367, in <module>
    raise SystemExit(main())
                     ~~~~^^
  File "C:\Users\31745\Desktop\新建文件夹 (6)\ROGII\scripts\evaluate_model_cv.py", line 264, in main
    oof_context = attach_oof_context(oof)
  File "C:\Users\31745\Desktop\新建文件夹 (6)\ROGII\scripts\evaluate_model_cv.py", line 71, in attach_oof_context
    context = pd.read_parquet(BASELINE_TRAIN_PATH, columns=columns)
  File "C:\Users\31745\Desktop\新建文件夹 (6)\ROGII\.venv\Lib\site-packages\pandas\io\parquet.py", line 671, in read_parquet
    return impl.read(
           ~~~~~~~~~^
        path,
        ^^^^^
    ...<6 lines>...
        **kwargs,
        ^^^^^^^^^
    )
    ^
  File "C:\Users\31745\Desktop\新建文件夹 (6)\ROGII\.venv\Lib\site-packages\pandas\io\parquet.py", line 253, in read
    path_or_handle, handles, filesystem = _get_path_or_handle(
                                          ~~~~~~~~~~~~~~~~~~~^
        path,
        ^^^^^
    ...<2 lines>...
        mode="rb",
        ^^^^^^^^^^
    )
    ^
  File "C:\Users\31745\Desktop\新建文件夹 (6)\ROGII\.venv\Lib\site-packages\pandas\io\parquet.py", line 141, in _get_path_or_handle
    handles = get_handle(
        path_or_handle, mode, is_text=False, storage_options=storage_options
    )
  File "C:\Users\31745\Desktop\新建文件夹 (6)\ROGII\.venv\Lib\site-packages\pandas\io\common.py", line 939, in get_handle
    handle = open(handle, ioargs.mode)
FileNotFoundError: [Errno 2] No such file or directory: 'C:\\Users\\31745\\Desktop\\新建文件夹 (6)\\ROGII\\features\\baseline_features_train.parquet'
